::1 - - [10/Sep/2020:10:08:54 +0000] "GET /api/users HTTP/1.1" 404 148 "-" "PostmanRuntime/7.26.5"
::1 - - [10/Sep/2020:10:10:14 +0000] "POST /api/users HTTP/1.1" 500 2491 "-" "PostmanRuntime/7.26.5"
::1 - - [10/Sep/2020:10:15:41 +0000] "POST /api/users HTTP/1.1" - - "-" "PostmanRuntime/7.26.5"
::1 - - [10/Sep/2020:10:18:08 +0000] "POST /api/users HTTP/1.1" - - "-" "PostmanRuntime/7.26.5"
::1 - - [10/Sep/2020:10:22:07 +0000] "POST /api/users HTTP/1.1" - - "-" "PostmanRuntime/7.26.5"
::1 - - [10/Sep/2020:10:23:48 +0000] "POST /api/users HTTP/1.1" - - "-" "PostmanRuntime/7.26.5"
::1 - - [10/Sep/2020:10:24:34 +0000] "POST /api/users HTTP/1.1" - - "-" "PostmanRuntime/7.26.5"
::1 - - [10/Sep/2020:10:30:38 +0000] "POST /api/users HTTP/1.1" - - "-" "PostmanRuntime/7.26.5"
::1 - - [10/Sep/2020:10:32:45 +0000] "POST /api/users HTTP/1.1" 200 - "-" "PostmanRuntime/7.26.5"
::1 - - [10/Sep/2020:12:21:35 +0000] "POST /api/users HTTP/1.1" 200 - "-" "PostmanRuntime/7.26.5"
::1 - - [10/Sep/2020:12:24:17 +0000] "POST /api/users HTTP/1.1" 200 - "-" "PostmanRuntime/7.26.5"
::1 - - [10/Sep/2020:12:25:00 +0000] "POST /api/users HTTP/1.1" 200 - "-" "PostmanRuntime/7.26.5"
::1 - - [10/Sep/2020:12:26:15 +0000] "POST /api/users HTTP/1.1" - - "-" "PostmanRuntime/7.26.5"
::1 - - [10/Sep/2020:12:26:46 +0000] "POST /api/users HTTP/1.1" 200 - "-" "PostmanRuntime/7.26.5"
::1 - - [10/Sep/2020:12:28:16 +0000] "POST /api/users HTTP/1.1" 200 - "-" "PostmanRuntime/7.26.5"
::1 - - [10/Sep/2020:12:28:50 +0000] "POST /api/users HTTP/1.1" 200 - "-" "PostmanRuntime/7.26.5"
::1 - - [10/Sep/2020:13:09:37 +0000] "POST /api/users/auth HTTP/1.1" - - "-" "PostmanRuntime/7.26.5"
::1 - - [10/Sep/2020:13:12:06 +0000] "POST /api/users/auth HTTP/1.1" - - "-" "PostmanRuntime/7.26.5"
::1 - - [10/Sep/2020:13:12:43 +0000] "POST /api/users/auth HTTP/1.1" - - "-" "PostmanRuntime/7.26.5"
::1 - - [10/Sep/2020:13:14:31 +0000] "POST /api/users/auth HTTP/1.1" - - "-" "PostmanRuntime/7.26.5"
::1 - - [10/Sep/2020:13:15:23 +0000] "POST /api/users/auth HTTP/1.1" - - "-" "PostmanRuntime/7.26.5"
::1 - - [10/Sep/2020:13:17:51 +0000] "POST /api/users/auth HTTP/1.1" - - "-" "PostmanRuntime/7.26.5"
::1 - - [10/Sep/2020:13:18:53 +0000] "POST /api/users/auth HTTP/1.1" - - "-" "PostmanRuntime/7.26.5"
::1 - - [10/Sep/2020:13:22:00 +0000] "POST /api/users/auth HTTP/1.1" - - "-" "PostmanRuntime/7.26.5"
::1 - - [10/Sep/2020:13:23:11 +0000] "POST /api/users/auth HTTP/1.1" - - "-" "PostmanRuntime/7.26.5"
::1 - - [10/Sep/2020:13:24:23 +0000] "POST /api/users/auth HTTP/1.1" - - "-" "PostmanRuntime/7.26.5"
::1 - - [10/Sep/2020:13:24:57 +0000] "POST /api/users/auth HTTP/1.1" 200 172 "-" "PostmanRuntime/7.26.5"
::1 - - [10/Sep/2020:13:26:03 +0000] "POST /api/users/auth HTTP/1.1" 200 184 "-" "PostmanRuntime/7.26.5"
::1 - - [10/Sep/2020:13:26:50 +0000] "POST /api/users/auth HTTP/1.1" 200 184 "-" "PostmanRuntime/7.26.5"
::1 - - [10/Sep/2020:13:45:09 +0000] "POST /api/users/auth HTTP/1.1" 200 184 "-" "PostmanRuntime/7.26.5"
::1 - - [10/Sep/2020:13:45:38 +0000] "GET /api/users HTTP/1.1" - - "-" "PostmanRuntime/7.26.5"
::1 - - [10/Sep/2020:13:48:33 +0000] "GET /api/users HTTP/1.1" - - "-" "PostmanRuntime/7.26.5"
::1 - - [10/Sep/2020:14:51:47 +0000] "POST /api/users HTTP/1.1" 200 - "-" "PostmanRuntime/7.26.5"
::1 - - [10/Sep/2020:14:52:42 +0000] "POST /api/users HTTP/1.1" 400 22 "-" "PostmanRuntime/7.26.5"
::1 - - [10/Sep/2020:15:00:49 +0000] "POST /api/users HTTP/1.1" 200 38 "-" "PostmanRuntime/7.26.5"
::1 - - [10/Sep/2020:15:01:00 +0000] "POST /api/users HTTP/1.1" 400 22 "-" "PostmanRuntime/7.26.5"
::1 - - [10/Sep/2020:15:01:45 +0000] "POST /api/users HTTP/1.1" 200 38 "-" "PostmanRuntime/7.26.5"
::1 - - [10/Sep/2020:15:01:51 +0000] "POST /api/users HTTP/1.1" 400 30 "-" "PostmanRuntime/7.26.5"
::1 - - [10/Sep/2020:15:02:53 +0000] "POST /api/users/auth HTTP/1.1" 200 184 "-" "PostmanRuntime/7.26.5"
::1 - - [10/Sep/2020:15:03:14 +0000] "POST /api/users/auth HTTP/1.1" 400 55 "-" "PostmanRuntime/7.26.5"
::1 - - [10/Sep/2020:15:36:41 +0000] "POST /api/users HTTP/1.1" 400 214 "-" "PostmanRuntime/7.26.5"
::1 - - [10/Sep/2020:15:37:15 +0000] "POST /api/users HTTP/1.1" 400 214 "-" "PostmanRuntime/7.26.5"
::1 - - [10/Sep/2020:15:38:42 +0000] "POST /api/users HTTP/1.1" 400 1102 "-" "PostmanRuntime/7.26.5"
::1 - - [10/Sep/2020:15:38:51 +0000] "POST /api/users HTTP/1.1" 400 214 "-" "PostmanRuntime/7.26.5"
::1 - - [10/Sep/2020:15:39:05 +0000] "POST /api/users HTTP/1.1" 400 214 "-" "PostmanRuntime/7.26.5"
::1 - - [10/Sep/2020:15:41:33 +0000] "POST /api/users HTTP/1.1" 400 214 "-" "PostmanRuntime/7.26.5"
::1 - - [10/Sep/2020:15:42:11 +0000] "POST /api/users HTTP/1.1" 400 214 "-" "PostmanRuntime/7.26.5"
::1 - - [10/Sep/2020:15:44:48 +0000] "POST /api/users HTTP/1.1" 200 38 "-" "PostmanRuntime/7.26.5"
::1 - - [10/Sep/2020:15:45:06 +0000] "POST /api/users HTTP/1.1" 400 107 "-" "PostmanRuntime/7.26.5"
::1 - - [10/Sep/2020:15:45:20 +0000] "POST /api/users HTTP/1.1" 400 83 "-" "PostmanRuntime/7.26.5"
::1 - - [10/Sep/2020:15:45:28 +0000] "POST /api/users HTTP/1.1" 400 30 "-" "PostmanRuntime/7.26.5"
::1 - - [10/Sep/2020:15:45:56 +0000] "POST /api/users HTTP/1.1" 400 214 "-" "PostmanRuntime/7.26.5"
::1 - - [10/Sep/2020:15:48:20 +0000] "POST /api/users HTTP/1.1" 200 38 "-" "PostmanRuntime/7.26.5"
::1 - - [10/Sep/2020:15:48:30 +0000] "POST /api/users HTTP/1.1" 400 107 "-" "PostmanRuntime/7.26.5"
::1 - - [10/Sep/2020:15:53:58 +0000] "POST /api/users HTTP/1.1" 400 107 "-" "PostmanRuntime/7.26.5"
::1 - - [10/Sep/2020:15:54:04 +0000] "POST /api/users HTTP/1.1" 400 30 "-" "PostmanRuntime/7.26.5"
::1 - - [10/Sep/2020:15:54:09 +0000] "POST /api/users/auth HTTP/1.1" 200 184 "-" "PostmanRuntime/7.26.5"
::1 - - [10/Sep/2020:15:54:16 +0000] "POST /api/users/auth HTTP/1.1" 400 40 "-" "PostmanRuntime/7.26.5"
::1 - - [10/Sep/2020:15:54:44 +0000] "POST /api/users/auth HTTP/1.1" 400 27 "-" "PostmanRuntime/7.26.5"
::1 - - [10/Sep/2020:15:54:57 +0000] "POST /api/users/auth HTTP/1.1" 400 1102 "-" "PostmanRuntime/7.26.5"
::1 - - [10/Sep/2020:15:55:04 +0000] "POST /api/users/auth HTTP/1.1" 400 42 "-" "PostmanRuntime/7.26.5"
::1 - - [10/Sep/2020:15:56:19 +0000] "POST /api/users/auth HTTP/1.1" 400 55 "-" "PostmanRuntime/7.26.5"
::1 - - [10/Sep/2020:15:56:28 +0000] "POST /api/users/auth HTTP/1.1" 400 27 "-" "PostmanRuntime/7.26.5"
::1 - - [10/Sep/2020:15:56:33 +0000] "POST /api/users/auth HTTP/1.1" 200 184 "-" "PostmanRuntime/7.26.5"
::1 - - [10/Sep/2020:16:00:31 +0000] "POST /api/users/auth HTTP/1.1" 400 107 "-" "PostmanRuntime/7.26.5"
::1 - - [10/Sep/2020:16:01:46 +0000] "POST /api/users/auth HTTP/1.1" 200 184 "-" "PostmanRuntime/7.26.5"
::1 - - [10/Sep/2020:17:16:30 +0000] "POST /api/users/auth HTTP/1.1" 400 56 "-" "PostmanRuntime/7.26.5"
::1 - - [10/Sep/2020:17:16:35 +0000] "POST /api/users HTTP/1.1" 200 38 "-" "PostmanRuntime/7.26.5"
::1 - - [10/Sep/2020:17:16:40 +0000] "POST /api/users/auth HTTP/1.1" 200 184 "-" "PostmanRuntime/7.26.5"
::1 - - [11/Sep/2020:09:28:50 +0000] "POST /api/projects HTTP/1.1" 500 13 "-" "PostmanRuntime/7.26.5"
::1 - - [11/Sep/2020:09:29:43 +0000] "POST /api/projects HTTP/1.1" 500 2492 "-" "PostmanRuntime/7.26.5"
::1 - - [11/Sep/2020:09:30:12 +0000] "POST /api/projects HTTP/1.1" 500 13 "-" "PostmanRuntime/7.26.5"
::1 - - [11/Sep/2020:09:30:46 +0000] "POST /api/projects HTTP/1.1" 500 13 "-" "PostmanRuntime/7.26.5"
::1 - - [11/Sep/2020:09:30:51 +0000] "POST /api/projects HTTP/1.1" 500 13 "-" "PostmanRuntime/7.26.5"
::1 - - [11/Sep/2020:09:33:36 +0000] "POST /api/projects HTTP/1.1" - - "-" "PostmanRuntime/7.26.5"
::1 - - [11/Sep/2020:09:34:12 +0000] "POST /api/projects HTTP/1.1" - - "-" "PostmanRuntime/7.26.5"
::1 - - [11/Sep/2020:09:34:52 +0000] "POST /api/projects HTTP/1.1" - - "-" "PostmanRuntime/7.26.5"
::1 - - [11/Sep/2020:09:35:17 +0000] "POST /api/projects HTTP/1.1" - - "-" "PostmanRuntime/7.26.5"
::1 - - [11/Sep/2020:09:35:53 +0000] "POST /api/projects HTTP/1.1" - - "-" "PostmanRuntime/7.26.5"
::1 - - [11/Sep/2020:09:36:48 +0000] "POST /api/projects HTTP/1.1" - - "-" "PostmanRuntime/7.26.5"
::1 - - [11/Sep/2020:09:37:14 +0000] "POST /api/projects HTTP/1.1" 201 96 "-" "PostmanRuntime/7.26.5"
::1 - - [11/Sep/2020:09:38:33 +0000] "POST /api/projects HTTP/1.1" - - "-" "PostmanRuntime/7.26.5"
::1 - - [11/Sep/2020:09:39:45 +0000] "POST /api/projects HTTP/1.1" - - "-" "PostmanRuntime/7.26.5"
::1 - - [11/Sep/2020:09:40:17 +0000] "POST /api/projects HTTP/1.1" 201 - "-" "PostmanRuntime/7.26.5"
::1 - - [11/Sep/2020:09:45:39 +0000] "POST /api/projects HTTP/1.1" 201 - "-" "PostmanRuntime/7.26.5"
::1 - - [11/Sep/2020:09:46:44 +0000] "POST /api/projects HTTP/1.1" 201 - "-" "PostmanRuntime/7.26.5"
::1 - - [11/Sep/2020:09:48:15 +0000] "POST /api/projects HTTP/1.1" 201 104 "-" "PostmanRuntime/7.26.5"
::1 - - [11/Sep/2020:12:54:53 +0000] "POST /api/users/auth HTTP/1.1" 200 184 "-" "PostmanRuntime/7.26.5"
::1 - - [11/Sep/2020:12:55:12 +0000] "POST /api/projects HTTP/1.1" 201 104 "-" "PostmanRuntime/7.26.5"
::1 - - [11/Sep/2020:12:56:22 +0000] "POST /api/projects HTTP/1.1" 201 104 "-" "PostmanRuntime/7.26.5"
::1 - - [11/Sep/2020:12:58:43 +0000] "POST /api/projects HTTP/1.1" 201 104 "-" "PostmanRuntime/7.26.5"
::1 - - [11/Sep/2020:12:59:43 +0000] "POST /api/projects HTTP/1.1" 201 104 "-" "PostmanRuntime/7.26.5"
::1 - - [11/Sep/2020:13:00:28 +0000] "POST /api/projects HTTP/1.1" 201 104 "-" "PostmanRuntime/7.26.5"
::1 - - [11/Sep/2020:13:01:27 +0000] "POST /api/projects HTTP/1.1" 201 141 "-" "PostmanRuntime/7.26.5"
::1 - - [11/Sep/2020:13:08:31 +0000] "POST /api/projects HTTP/1.1" 201 143 "-" "PostmanRuntime/7.26.5"
::1 - - [11/Sep/2020:13:08:37 +0000] "POST /api/projects HTTP/1.1" 400 91 "-" "PostmanRuntime/7.26.5"
::1 - - [11/Sep/2020:13:08:53 +0000] "POST /api/projects HTTP/1.1" 201 138 "-" "PostmanRuntime/7.26.5"
::1 - - [11/Sep/2020:13:09:07 +0000] "POST /api/projects HTTP/1.1" 401 23 "-" "PostmanRuntime/7.26.5"
::1 - - [11/Sep/2020:13:09:14 +0000] "POST /api/projects HTTP/1.1" 201 138 "-" "PostmanRuntime/7.26.5"
::1 - - [11/Sep/2020:13:19:50 +0000] "POST /api/projects HTTP/1.1" 201 36 "-" "PostmanRuntime/7.26.5"
::1 - - [11/Sep/2020:13:35:48 +0000] "GET /api/projects HTTP/1.1" 401 49 "-" "PostmanRuntime/7.26.5"
::1 - - [11/Sep/2020:13:35:58 +0000] "GET /api/projects HTTP/1.1" 401 49 "-" "PostmanRuntime/7.26.5"
::1 - - [11/Sep/2020:13:36:27 +0000] "POST /api/users/auth HTTP/1.1" 200 184 "-" "PostmanRuntime/7.26.5"
::1 - - [11/Sep/2020:13:36:46 +0000] "GET /api/projects HTTP/1.1" 500 13 "-" "PostmanRuntime/7.26.5"
::1 - - [11/Sep/2020:13:37:09 +0000] "GET /api/projects HTTP/1.1" 500 2466 "-" "PostmanRuntime/7.26.5"
::1 - - [11/Sep/2020:13:38:02 +0000] "GET /api/projects HTTP/1.1" 500 13 "-" "PostmanRuntime/7.26.5"
::1 - - [11/Sep/2020:13:39:19 +0000] "GET /api/projects HTTP/1.1" 200 704 "-" "PostmanRuntime/7.26.5"
::1 - - [11/Sep/2020:13:39:54 +0000] "GET /api/projects HTTP/1.1" 200 664 "-" "PostmanRuntime/7.26.5"
::1 - - [11/Sep/2020:14:27:56 +0000] "POST /api/users/auth HTTP/1.1" 200 184 "-" "PostmanRuntime/7.26.5"
::1 - - [11/Sep/2020:14:28:10 +0000] "GET /api/projects HTTP/1.1" 200 664 "-" "PostmanRuntime/7.26.5"
::1 - - [11/Sep/2020:14:31:37 +0000] "GET /api/projects/5f5b76cfc32f7f6c585eca27 HTTP/1.1" 404 176 "-" "PostmanRuntime/7.26.5"
::1 - - [11/Sep/2020:14:31:46 +0000] "PUT /api/projects/5f5b76cfc32f7f6c585eca27 HTTP/1.1" 404 27 "-" "PostmanRuntime/7.26.5"
::1 - - [11/Sep/2020:14:33:02 +0000] "PUT /api/projects/5f5b76cfc32f7f6c585eca27 HTTP/1.1" 404 27 "-" "PostmanRuntime/7.26.5"
::1 - - [11/Sep/2020:14:33:37 +0000] "PUT /api/projects/5f5b76cfc32f7f6c585eca27 HTTP/1.1" 200 143 "-" "PostmanRuntime/7.26.5"
::1 - - [11/Sep/2020:14:34:41 +0000] "PUT /api/projects/5f5b76cfc32f7f6c585eca27 HTTP/1.1" 200 143 "-" "PostmanRuntime/7.26.5"
::1 - - [11/Sep/2020:14:35:18 +0000] "PUT /api/projects/5f5b76cfc32f7f6c585eca27 HTTP/1.1" 200 143 "-" "PostmanRuntime/7.26.5"
::1 - - [11/Sep/2020:14:36:24 +0000] "PUT /api/projects/5f5b76cfc32f7f6c585eca27 HTTP/1.1" 404 127 "-" "PostmanRuntime/7.26.5"
::1 - - [11/Sep/2020:14:36:55 +0000] "PUT /api/projects/5f5b76cfc32f7f6c585eca27 HTTP/1.1" 200 136 "-" "PostmanRuntime/7.26.5"
::1 - - [11/Sep/2020:14:37:09 +0000] "PUT /api/projects/5f5b76cfc32f7f6c585eca27 HTTP/1.1" 200 135 "-" "PostmanRuntime/7.26.5"
::1 - - [11/Sep/2020:14:38:14 +0000] "PUT /api/projects/5f5b76cfc32f7f6c585eca27 HTTP/1.1" 200 135 "-" "PostmanRuntime/7.26.5"
::1 - - [11/Sep/2020:15:13:28 +0000] "DELETE /api/delete/5f5b76cfc32f7f6c585eca27?x-auth-token=eyJhbGciOiJIUzI1NiIsInR5cCI6IkpXVCJ9.eyJzdWIiOiI1ZjVhNWY3MzRlYTc0NDRhMjMwNzA4ZDQiLCJpYXQiOjE1OTk4MzQ0NzYsImV4cCI6MTU5OTgzODA3Nn0.QHexV9-_asW2ULJAq9HRVaDtzSdfmvD7RVvZgB9A0WQ HTTP/1.1" 404 177 "-" "PostmanRuntime/7.26.5"
::1 - - [11/Sep/2020:15:14:00 +0000] "DELETE /api/projects/delete/5f5b76cfc32f7f6c585eca27?x-auth-token=eyJhbGciOiJIUzI1NiIsInR5cCI6IkpXVCJ9.eyJzdWIiOiI1ZjVhNWY3MzRlYTc0NDRhMjMwNzA4ZDQiLCJpYXQiOjE1OTk4MzQ0NzYsImV4cCI6MTU5OTgzODA3Nn0.QHexV9-_asW2ULJAq9HRVaDtzSdfmvD7RVvZgB9A0WQ HTTP/1.1" 401 49 "-" "PostmanRuntime/7.26.5"
::1 - - [11/Sep/2020:15:14:15 +0000] "POST /api/users/auth HTTP/1.1" 200 184 "-" "PostmanRuntime/7.26.5"
::1 - - [11/Sep/2020:15:14:31 +0000] "DELETE /api/projects/delete/5f5b76cfc32f7f6c585eca27?x-auth-token=eyJhbGciOiJIUzI1NiIsInR5cCI6IkpXVCJ9.eyJzdWIiOiI1ZjVhNWY3MzRlYTc0NDRhMjMwNzA4ZDQiLCJpYXQiOjE1OTk4MzcyNTUsImV4cCI6MTU5OTg0MDg1NX0.KSefTWKf3NoB9m_-_MRk-ebIFRRrjhFuokFZxoPOnHM HTTP/1.1" 401 49 "-" "PostmanRuntime/7.26.5"
::1 - - [11/Sep/2020:15:16:02 +0000] "POST /api/users/auth HTTP/1.1" 200 184 "-" "PostmanRuntime/7.26.5"
::1 - - [11/Sep/2020:15:16:20 +0000] "GET /api/projects HTTP/1.1" 200 656 "-" "PostmanRuntime/7.26.5"
::1 - - [11/Sep/2020:15:16:32 +0000] "DELETE /api/projects/delete/5f5b76cfc32f7f6c585eca27 HTTP/1.1" 401 49 "-" "PostmanRuntime/7.26.5"
::1 - - [11/Sep/2020:15:17:07 +0000] "DELETE /api/projects/delete/5f5b76cfc32f7f6c585eca27 HTTP/1.1" 500 12 "-" "PostmanRuntime/7.26.5"
::1 - - [11/Sep/2020:15:17:49 +0000] "DELETE /api/projects/delete/5f5b76cfc32f7f6c585eca27 HTTP/1.1" 500 12 "-" "PostmanRuntime/7.26.5"
::1 - - [11/Sep/2020:15:18:32 +0000] "DELETE /api/projects/delete/5f5b76cfc32f7f6c585eca27 HTTP/1.1" 500 12 "-" "PostmanRuntime/7.26.5"
::1 - - [11/Sep/2020:15:18:51 +0000] "DELETE /api/projects/delete/5f5b76cfc32f7f6c585eca27 HTTP/1.1" 500 12 "-" "PostmanRuntime/7.26.5"
::1 - - [11/Sep/2020:15:20:43 +0000] "DELETE /api/projects/delete/5f5b76cfc32f7f6c585eca27 HTTP/1.1" 200 35 "-" "PostmanRuntime/7.26.5"
::1 - - [11/Sep/2020:15:21:47 +0000] "DELETE /api/projects/delete/5f5b76cfc32f7f6c585eca27 HTTP/1.1" 401 23 "-" "PostmanRuntime/7.26.5"
::1 - - [11/Sep/2020:15:21:54 +0000] "DELETE /api/projects/delete/5f5b76cfc32f7f6c585eca27 HTTP/1.1" 401 27 "-" "PostmanRuntime/7.26.5"
::1 - - [11/Sep/2020:15:22:48 +0000] "GET /api/projects HTTP/1.1" 200 529 "-" "PostmanRuntime/7.26.5"
::1 - - [11/Sep/2020:15:23:59 +0000] "PUT /api/projects/5f5b75276568e26c0e803678 HTTP/1.1" 400 91 "-" "PostmanRuntime/7.26.5"
::1 - - [11/Sep/2020:15:24:23 +0000] "PUT /api/projects/5f5b75276568e26c0e803678 HTTP/1.1" 200 143 "-" "PostmanRuntime/7.26.5"
::1 - - [11/Sep/2020:15:26:17 +0000] "PUT /api/projects/5f5b75276568e26c0e803678 HTTP/1.1" 200 134 "-" "PostmanRuntime/7.26.5"
::1 - - [11/Sep/2020:15:33:41 +0000] "POST /api/users HTTP/1.1" 200 33 "-" "PostmanRuntime/7.26.5"
::1 - - [11/Sep/2020:15:36:30 +0000] "GET /api/users HTTP/1.1" 200 275 "-" "PostmanRuntime/7.26.5"
::1 - - [11/Sep/2020:15:38:31 +0000] "GET /api/users HTTP/1.1" 400 37 "-" "PostmanRuntime/7.26.5"
::1 - - [11/Sep/2020:15:38:57 +0000] "GET /api/users HTTP/1.1" 200 266 "-" "PostmanRuntime/7.26.5"
::1 - - [11/Sep/2020:15:39:46 +0000] "GET /FJAuyiPuV51Lb62askB9cy2tMrt10KVKRjmMI6a HTTP/1.1" 404 178 "-" "Mozilla/5.0 (Macintosh; Intel Mac OS X 10_15_6) AppleWebKit/537.36 (KHTML, like Gecko) Chrome/84.0.4147.135 Safari/537.36"
::1 - - [11/Sep/2020:15:40:18 +0000] "POST /api/users/auth HTTP/1.1" 200 184 "-" "PostmanRuntime/7.26.5"
::1 - - [11/Sep/2020:15:40:38 +0000] "GET /api/users HTTP/1.1" 200 267 "-" "PostmanRuntime/7.26.5"
::1 - - [12/Sep/2020:18:35:36 +0000] "POST /api/tasks HTTP/1.1" 401 49 "-" "PostmanRuntime/7.26.5"
::1 - - [12/Sep/2020:18:36:40 +0000] "POST /api/users/auth HTTP/1.1" 200 184 "-" "PostmanRuntime/7.26.5"
::1 - - [12/Sep/2020:18:37:04 +0000] "GET /api/projects HTTP/1.1" 200 531 "-" "PostmanRuntime/7.26.5"
::1 - - [12/Sep/2020:18:38:39 +0000] "POST /api/tasks HTTP/1.1" 500 12 "-" "PostmanRuntime/7.26.5"
::1 - - [12/Sep/2020:18:39:42 +0000] "POST /api/tasks HTTP/1.1" 500 12 "-" "PostmanRuntime/7.26.5"
::1 - - [12/Sep/2020:18:40:02 +0000] "POST /api/tasks HTTP/1.1" 500 12 "-" "PostmanRuntime/7.26.5"
::1 - - [12/Sep/2020:18:40:45 +0000] "POST /api/tasks HTTP/1.1" 500 12 "-" "PostmanRuntime/7.26.5"
::1 - - [12/Sep/2020:18:43:18 +0000] "POST /api/tasks HTTP/1.1" 500 12 "-" "PostmanRuntime/7.26.5"
::1 - - [12/Sep/2020:18:44:59 +0000] "POST /api/tasks HTTP/1.1" 500 12 "-" "PostmanRuntime/7.26.5"
::1 - - [12/Sep/2020:18:45:45 +0000] "POST /api/tasks HTTP/1.1" 500 12 "-" "PostmanRuntime/7.26.5"
::1 - - [12/Sep/2020:18:46:53 +0000] "POST /api/tasks HTTP/1.1" 200 157 "-" "PostmanRuntime/7.26.5"
::1 - - [12/Sep/2020:18:50:21 +0000] "POST /api/tasks HTTP/1.1" 200 35 "-" "PostmanRuntime/7.26.5"
::1 - - [12/Sep/2020:18:51:41 +0000] "POST /api/tasks HTTP/1.1" 200 35 "-" "PostmanRuntime/7.26.5"
::1 - - [12/Sep/2020:18:51:54 +0000] "POST /api/tasks HTTP/1.1" 200 28 "-" "PostmanRuntime/7.26.5"
::1 - - [12/Sep/2020:18:52:09 +0000] "POST /api/tasks HTTP/1.1" 200 35 "-" "PostmanRuntime/7.26.5"
::1 - - [12/Sep/2020:18:52:34 +0000] "POST /api/tasks HTTP/1.1" 400 88 "-" "PostmanRuntime/7.26.5"
::1 - - [12/Sep/2020:18:52:54 +0000] "POST /api/tasks HTTP/1.1" 400 109 "-" "PostmanRuntime/7.26.5"
::1 - - [12/Sep/2020:18:53:15 +0000] "POST /api/tasks HTTP/1.1" 400 1102 "-" "PostmanRuntime/7.26.5"
::1 - - [12/Sep/2020:18:53:24 +0000] "POST /api/tasks HTTP/1.1" 400 45 "-" "PostmanRuntime/7.26.5"
::1 - - [12/Sep/2020:18:53:39 +0000] "POST /api/tasks HTTP/1.1" 200 35 "-" "PostmanRuntime/7.26.5"
::1 - - [12/Sep/2020:18:54:04 +0000] "POST /api/tasks HTTP/1.1" 400 60 "-" "PostmanRuntime/7.26.5"
::1 - - [12/Sep/2020:18:54:13 +0000] "POST /api/tasks HTTP/1.1" 200 35 "-" "PostmanRuntime/7.26.5"
::1 - - [12/Sep/2020:18:55:00 +0000] "POST /api/tasks HTTP/1.1" 200 35 "-" "PostmanRuntime/7.26.5"
::1 - - [12/Sep/2020:18:55:17 +0000] "POST /api/tasks HTTP/1.1" 200 35 "-" "PostmanRuntime/7.26.5"
::1 - - [12/Sep/2020:19:21:52 +0000] "GET /api/tasks/5f5b75276568e26c0e803678?x-auth-token=eyJhbGciOiJIUzI1NiIsInR5cCI6IkpXVCJ9.eyJzdWIiOiI1ZjVhNWY3MzRlYTc0NDRhMjMwNzA4ZDQiLCJpYXQiOjE1OTk5MzU4MDAsImV4cCI6MTU5OTkzOTQwMH0.s4f4LNYTmjS-pACW4SDsJKJAotxikDbVlEeFyBi10tc HTTP/1.1" 401 49 "-" "PostmanRuntime/7.26.5"
::1 - - [12/Sep/2020:19:22:01 +0000] "POST /api/users/auth HTTP/1.1" 200 184 "-" "PostmanRuntime/7.26.5"
::1 - - [12/Sep/2020:19:22:20 +0000] "GET /api/tasks/5f5b75276568e26c0e803678?x-auth-token=eyJhbGciOiJIUzI1NiIsInR5cCI6IkpXVCJ9.eyJzdWIiOiI1ZjVhNWY3MzRlYTc0NDRhMjMwNzA4ZDQiLCJpYXQiOjE1OTk5Mzg1MjEsImV4cCI6MTU5OTk0MjEyMX0.mVlimk5fz9AnnvRjoVQi8jinXMwtht6W2Y4NOM-cmWY HTTP/1.1" 401 49 "-" "PostmanRuntime/7.26.5"
::1 - - [12/Sep/2020:19:23:57 +0000] "GET /api/tasks/5f5b75276568e26c0e803678?x-auth-token=eyJhbGciOiJIUzI1NiIsInR5cCI6IkpXVCJ9.eyJzdWIiOiI1ZjVhNWY3MzRlYTc0NDRhMjMwNzA4ZDQiLCJpYXQiOjE1OTk5Mzg1MjEsImV4cCI6MTU5OTk0MjEyMX0.mVlimk5fz9AnnvRjoVQi8jinXMwtht6W2Y4NOM-cmWY HTTP/1.1" 401 49 "-" "PostmanRuntime/7.26.5"
::1 - - [12/Sep/2020:19:25:12 +0000] "POST /api/users/auth HTTP/1.1" 200 184 "-" "PostmanRuntime/7.26.5"
::1 - - [12/Sep/2020:19:25:40 +0000] "GET /api/tasks/5f5b75276568e26c0e803678?x-auth-token=eyJhbGciOiJIUzI1NiIsInR5cCI6IkpXVCJ9.eyJzdWIiOiI1ZjVhNWY3MzRlYTc0NDRhMjMwNzA4ZDQiLCJpYXQiOjE1OTk5Mzg3MTIsImV4cCI6MTU5OTk0MjMxMn0.qZR_50FW30m-1uQ7b2U4vjLaKtOuq38pHAdmrtQuBNs HTTP/1.1" 401 49 "-" "PostmanRuntime/7.26.5"
::1 - - [12/Sep/2020:19:26:56 +0000] "GET /api/tasks/5f5b75276568e26c0e803678?x-auth-token=eyJhbGciOiJIUzI1NiIsInR5cCI6IkpXVCJ9.eyJzdWIiOiI1ZjVhNWY3MzRlYTc0NDRhMjMwNzA4ZDQiLCJpYXQiOjE1OTk5Mzg3MTIsImV4cCI6MTU5OTk0MjMxMn0.qZR_50FW30m-1uQ7b2U4vjLaKtOuq38pHAdmrtQuBNs HTTP/1.1" 401 49 "-" "PostmanRuntime/7.26.5"
::1 - - [12/Sep/2020:19:28:36 +0000] "GET /api/tasks/5f5b75276568e26c0e803678?x-auth-token=eyJhbGciOiJIUzI1NiIsInR5cCI6IkpXVCJ9.eyJzdWIiOiI1ZjVhNWY3MzRlYTc0NDRhMjMwNzA4ZDQiLCJpYXQiOjE1OTk5Mzg3MTIsImV4cCI6MTU5OTk0MjMxMn0.qZR_50FW30m-1uQ7b2U4vjLaKtOuq38pHAdmrtQuBNs HTTP/1.1" 401 49 "-" "PostmanRuntime/7.26.5"
::1 - - [12/Sep/2020:19:29:48 +0000] "GET /api/tasks/5f5b75276568e26c0e803678?x-auth-token=eyJhbGciOiJIUzI1NiIsInR5cCI6IkpXVCJ9.eyJzdWIiOiI1ZjVhNWY3MzRlYTc0NDRhMjMwNzA4ZDQiLCJpYXQiOjE1OTk5Mzg3MTIsImV4cCI6MTU5OTk0MjMxMn0.qZR_50FW30m-1uQ7b2U4vjLaKtOuq38pHAdmrtQuBNs&Content-Type=application/json HTTP/1.1" 401 49 "-" "PostmanRuntime/7.26.5"
::1 - - [12/Sep/2020:19:31:01 +0000] "GET /api/tasks/5f5b75276568e26c0e803678 HTTP/1.1" 500 11 "-" "PostmanRuntime/7.26.5"
::1 - - [12/Sep/2020:19:32:20 +0000] "GET /api/tasks/5f5b75276568e26c0e803678 HTTP/1.1" 500 11 "-" "PostmanRuntime/7.26.5"
::1 - - [12/Sep/2020:19:32:51 +0000] "GET /api/tasks/5f5b75276568e26c0e803678 HTTP/1.1" 500 11 "-" "PostmanRuntime/7.26.5"
::1 - - [12/Sep/2020:19:33:38 +0000] "GET /api/tasks/5f5b75276568e26c0e803678 HTTP/1.1" 400 24 "-" "PostmanRuntime/7.26.5"
::1 - - [12/Sep/2020:20:56:14 +0000] "POST /api/users/auth HTTP/1.1" 200 184 "-" "PostmanRuntime/7.26.5"
::1 - - [12/Sep/2020:20:56:32 +0000] "GET /api/tasks/5f5b75276568e26c0e803678 HTTP/1.1" 400 24 "-" "PostmanRuntime/7.26.5"
::1 - - [12/Sep/2020:20:58:50 +0000] "GET /api/tasks/5f5b75276568e26c0e803678 HTTP/1.1" 200 293 "-" "PostmanRuntime/7.26.5"
::1 - - [12/Sep/2020:21:23:08 +0000] "GET /api/tasks/5f5b75276568e26c0e803678 HTTP/1.1" 200 293 "-" "PostmanRuntime/7.26.5"
::1 - - [12/Sep/2020:21:23:37 +0000] "POST /api/users/auth HTTP/1.1" 200 184 "-" "PostmanRuntime/7.26.5"
::1 - - [12/Sep/2020:21:25:42 +0000] "DELETE /api/task/5f5b75276568e26c0e803678/5f5d1984ac36ef819119fa14 HTTP/1.1" 404 200 "-" "PostmanRuntime/7.26.5"
::1 - - [12/Sep/2020:21:26:10 +0000] "DELETE /api/task/delete/5f5b75276568e26c0e803678/5f5d1984ac36ef819119fa14 HTTP/1.1" 404 207 "-" "PostmanRuntime/7.26.5"
::1 - - [12/Sep/2020:21:26:40 +0000] "DELETE /api/tasks/delete/5f5b75276568e26c0e803678/5f5d1984ac36ef819119fa14 HTTP/1.1" 400 40 "-" "PostmanRuntime/7.26.5"
::1 - - [12/Sep/2020:21:28:37 +0000] "DELETE /api/tasks/delete/5f5b75276568e26c0e803678/5f5d1984ac36ef819119fa14 HTTP/1.1" 200 35 "-" "PostmanRuntime/7.26.5"
::1 - - [12/Sep/2020:21:29:14 +0000] "POST /api/tasks HTTP/1.1" 200 35 "-" "PostmanRuntime/7.26.5"
::1 - - [12/Sep/2020:21:29:30 +0000] "POST /api/tasks HTTP/1.1" 200 35 "-" "PostmanRuntime/7.26.5"
::1 - - [12/Sep/2020:21:29:40 +0000] "POST /api/tasks HTTP/1.1" 200 35 "-" "PostmanRuntime/7.26.5"
::1 - - [12/Sep/2020:21:29:48 +0000] "POST /api/tasks HTTP/1.1" 200 35 "-" "PostmanRuntime/7.26.5"
::1 - - [12/Sep/2020:21:30:24 +0000] "DELETE /api/tasks/delete/5f5b75276568e26c0e803678/5f5b75276568e26c0e803678 HTTP/1.1" 200 35 "-" "PostmanRuntime/7.26.5"
::1 - - [12/Sep/2020:21:30:50 +0000] "GET /api/tasks/5f5b75276568e26c0e803678 HTTP/1.1" 200 703 "-" "PostmanRuntime/7.26.5"
::1 - - [12/Sep/2020:21:31:07 +0000] "DELETE /api/tasks/delete/5f5b75276568e26c0e803678/5f5b75276568e26c0e803678 HTTP/1.1" 200 35 "-" "PostmanRuntime/7.26.5"
::1 - - [12/Sep/2020:21:31:43 +0000] "DELETE /api/tasks/delete/5f5b75276568e26c0e803678/5f5d1995ac36ef819119fa15 HTTP/1.1" 200 35 "-" "PostmanRuntime/7.26.5"
::1 - - [12/Sep/2020:21:31:48 +0000] "GET /api/tasks/5f5b75276568e26c0e803678 HTTP/1.1" 200 560 "-" "PostmanRuntime/7.26.5"
::1 - - [12/Sep/2020:21:32:03 +0000] "DELETE /api/tasks/delete/5f5b75276568e26c0e803678/5f5d3dcc39b5d28519ed494f HTTP/1.1" 200 35 "-" "PostmanRuntime/7.26.5"
::1 - - [12/Sep/2020:21:32:07 +0000] "GET /api/tasks/5f5b75276568e26c0e803678 HTTP/1.1" 200 416 "-" "PostmanRuntime/7.26.5"
::1 - - [12/Sep/2020:21:59:58 +0000] "GET /api/tasks/5f5b75276568e26c0e803678 HTTP/1.1" 200 416 "-" "PostmanRuntime/7.26.5"
::1 - - [12/Sep/2020:22:01:20 +0000] "POST /api/users/auth HTTP/1.1" 200 184 "-" "PostmanRuntime/7.26.5"
::1 - - [12/Sep/2020:22:02:40 +0000] "PUT /api/tasks/5f5b75276568e26c0e803678/5f5d3daa39b5d28519ed494c HTTP/1.1" 200 154 "-" "PostmanRuntime/7.26.5"
::1 - - [12/Sep/2020:22:04:43 +0000] "PUT /api/tasks/5f5b75276568e26c0e803678/5f5d3daa39b5d28519ed494c HTTP/1.1" 400 37 "-" "PostmanRuntime/7.26.5"
::1 - - [12/Sep/2020:22:04:58 +0000] "PUT /api/tasks/5f5b75276568e26c0e803678/5f5d3daa39b5d28519ed494c HTTP/1.1" 400 37 "-" "PostmanRuntime/7.26.5"
::1 - - [12/Sep/2020:22:05:17 +0000] "PUT /api/tasks/5f5b75276568e26c0e803678/5f5d3daa39b5d28519ed494c HTTP/1.1" 200 151 "-" "PostmanRuntime/7.26.5"
::1 - - [12/Sep/2020:22:05:54 +0000] "PUT /api/tasks/5f5b75276568e26c0e803678/5f5d3daa39b5d28519ed494c HTTP/1.1" 200 152 "-" "PostmanRuntime/7.26.5"
::1 - - [14/Sep/2020:14:53:33 +0000] "POST /api/users/auth HTTP/1.1" 200 184 "-" "PostmanRuntime/7.26.5"
::1 - - [14/Sep/2020:14:53:48 +0000] "GET /api/tasks/5f5b75276568e26c0e803678 HTTP/1.1" 200 434 "-" "PostmanRuntime/7.26.5"
::1 - - [14/Sep/2020:14:54:16 +0000] "PUT /api/tasks/5f5b75276568e26c0e803678/5f5d3daa39b5d28519ed494c HTTP/1.1" 401 23 "-" "PostmanRuntime/7.26.5"
::1 - - [14/Sep/2020:14:54:26 +0000] "PUT /api/tasks/5f5b75276568e26c0e803678/5f5d3daa39b5d28519ed494c HTTP/1.1" 200 151 "-" "PostmanRuntime/7.26.5"
::1 - - [14/Sep/2020:14:55:17 +0000] "PUT /api/tasks/5f5b75276568e26c0e803678/5f5d3daa39b5d28519ed494c HTTP/1.1" 200 143 "-" "PostmanRuntime/7.26.5"
::1 - - [14/Sep/2020:14:55:32 +0000] "PUT /api/tasks/5f5b75276568e26c0e803678/5f5d3daa39b5d28519ed494c HTTP/1.1" 200 144 "-" "PostmanRuntime/7.26.5"
::1 - - [15/Sep/2020:08:17:32 +0000] "OPTIONS /api/users HTTP/1.1" 200 13 "http://localhost:3000/register" "Mozilla/5.0 (Macintosh; Intel Mac OS X 10_15_6) AppleWebKit/537.36 (KHTML, like Gecko) Chrome/84.0.4147.135 Safari/537.36"
::1 - - [15/Sep/2020:08:18:21 +0000] "OPTIONS /api/users HTTP/1.1" 200 13 "http://localhost:3000/register" "Mozilla/5.0 (Macintosh; Intel Mac OS X 10_15_6) AppleWebKit/537.36 (KHTML, like Gecko) Chrome/84.0.4147.135 Safari/537.36"
::1 - - [15/Sep/2020:08:20:09 +0000] "OPTIONS /api/users HTTP/1.1" 200 13 "http://localhost:3000/register" "Mozilla/5.0 (Macintosh; Intel Mac OS X 10_15_6) AppleWebKit/537.36 (KHTML, like Gecko) Chrome/84.0.4147.135 Safari/537.36"
::1 - - [15/Sep/2020:08:23:34 +0000] "POST /api/users HTTP/1.1" 200 33 "http://localhost:3000/register" "Mozilla/5.0 (Linux; Android 6.0; Nexus 5 Build/MRA58N) AppleWebKit/537.36 (KHTML, like Gecko) Chrome/84.0.4147.135 Mobile Safari/537.36"
::1 - - [15/Sep/2020:08:25:32 +0000] "POST /api/users HTTP/1.1" 400 30 "http://localhost:3000/register" "Mozilla/5.0 (Linux; Android 6.0; Nexus 5 Build/MRA58N) AppleWebKit/537.36 (KHTML, like Gecko) Chrome/84.0.4147.135 Mobile Safari/537.36"
::1 - - [15/Sep/2020:08:26:34 +0000] "POST /api/users HTTP/1.1" 400 30 "http://localhost:3000/register" "Mozilla/5.0 (Linux; Android 6.0; Nexus 5 Build/MRA58N) AppleWebKit/537.36 (KHTML, like Gecko) Chrome/84.0.4147.135 Mobile Safari/537.36"
::1 - - [15/Sep/2020:08:27:39 +0000] "POST /api/users HTTP/1.1" 400 30 "http://localhost:3000/register" "Mozilla/5.0 (Linux; Android 6.0; Nexus 5 Build/MRA58N) AppleWebKit/537.36 (KHTML, like Gecko) Chrome/84.0.4147.135 Mobile Safari/537.36"
::1 - - [15/Sep/2020:08:29:22 +0000] "POST /api/users HTTP/1.1" 400 30 "http://localhost:3000/register" "Mozilla/5.0 (Linux; Android 6.0; Nexus 5 Build/MRA58N) AppleWebKit/537.36 (KHTML, like Gecko) Chrome/84.0.4147.135 Mobile Safari/537.36"
::1 - - [15/Sep/2020:08:32:12 +0000] "POST /api/users HTTP/1.1" 400 30 "http://localhost:3000/register" "Mozilla/5.0 (Linux; Android 6.0; Nexus 5 Build/MRA58N) AppleWebKit/537.36 (KHTML, like Gecko) Chrome/84.0.4147.135 Mobile Safari/537.36"
::1 - - [15/Sep/2020:08:33:00 +0000] "POST /api/users HTTP/1.1" 400 30 "http://localhost:3000/register" "Mozilla/5.0 (Linux; Android 6.0; Nexus 5 Build/MRA58N) AppleWebKit/537.36 (KHTML, like Gecko) Chrome/84.0.4147.135 Mobile Safari/537.36"
::1 - - [15/Sep/2020:08:33:37 +0000] "POST /api/users HTTP/1.1" 400 30 "http://localhost:3000/register" "Mozilla/5.0 (Linux; Android 6.0; Nexus 5 Build/MRA58N) AppleWebKit/537.36 (KHTML, like Gecko) Chrome/84.0.4147.135 Mobile Safari/537.36"
::1 - - [15/Sep/2020:08:34:55 +0000] "POST /api/users HTTP/1.1" 400 30 "http://localhost:3000/register" "Mozilla/5.0 (Linux; Android 6.0; Nexus 5 Build/MRA58N) AppleWebKit/537.36 (KHTML, like Gecko) Chrome/84.0.4147.135 Mobile Safari/537.36"
::1 - - [15/Sep/2020:08:35:41 +0000] "POST /api/users HTTP/1.1" 400 30 "http://localhost:3000/register" "Mozilla/5.0 (Linux; Android 6.0; Nexus 5 Build/MRA58N) AppleWebKit/537.36 (KHTML, like Gecko) Chrome/84.0.4147.135 Mobile Safari/537.36"
::1 - - [15/Sep/2020:08:37:54 +0000] "POST /api/users HTTP/1.1" 400 30 "http://localhost:3000/register" "Mozilla/5.0 (Linux; Android 6.0; Nexus 5 Build/MRA58N) AppleWebKit/537.36 (KHTML, like Gecko) Chrome/84.0.4147.135 Mobile Safari/537.36"
::1 - - [15/Sep/2020:08:38:35 +0000] "POST /api/users HTTP/1.1" 400 30 "http://localhost:3000/register" "Mozilla/5.0 (Linux; Android 6.0; Nexus 5 Build/MRA58N) AppleWebKit/537.36 (KHTML, like Gecko) Chrome/84.0.4147.135 Mobile Safari/537.36"
::1 - - [15/Sep/2020:08:39:50 +0000] "POST /api/users HTTP/1.1" 400 30 "http://localhost:3000/register" "Mozilla/5.0 (Linux; Android 6.0; Nexus 5 Build/MRA58N) AppleWebKit/537.36 (KHTML, like Gecko) Chrome/84.0.4147.135 Mobile Safari/537.36"
::1 - - [15/Sep/2020:08:44:26 +0000] "POST /api/users HTTP/1.1" 400 30 "http://localhost:3000/register" "Mozilla/5.0 (Linux; Android 6.0; Nexus 5 Build/MRA58N) AppleWebKit/537.36 (KHTML, like Gecko) Chrome/84.0.4147.135 Mobile Safari/537.36"
::1 - - [15/Sep/2020:08:47:31 +0000] "POST /api/users HTTP/1.1" 400 30 "http://localhost:3000/register" "Mozilla/5.0 (Linux; Android 6.0; Nexus 5 Build/MRA58N) AppleWebKit/537.36 (KHTML, like Gecko) Chrome/84.0.4147.135 Mobile Safari/537.36"
::1 - - [15/Sep/2020:08:48:10 +0000] "POST /api/users HTTP/1.1" 400 30 "http://localhost:3000/register" "Mozilla/5.0 (Linux; Android 6.0; Nexus 5 Build/MRA58N) AppleWebKit/537.36 (KHTML, like Gecko) Chrome/84.0.4147.135 Mobile Safari/537.36"
::1 - - [15/Sep/2020:08:53:45 +0000] "POST /api/users HTTP/1.1" 400 30 "http://localhost:3000/register" "Mozilla/5.0 (Linux; Android 6.0; Nexus 5 Build/MRA58N) AppleWebKit/537.36 (KHTML, like Gecko) Chrome/84.0.4147.135 Mobile Safari/537.36"
::1 - - [15/Sep/2020:08:54:34 +0000] "POST /api/users HTTP/1.1" 400 30 "http://localhost:3000/register" "Mozilla/5.0 (Linux; Android 6.0; Nexus 5 Build/MRA58N) AppleWebKit/537.36 (KHTML, like Gecko) Chrome/84.0.4147.135 Mobile Safari/537.36"
::1 - - [15/Sep/2020:08:56:02 +0000] "POST /api/users HTTP/1.1" 400 30 "http://localhost:3000/register" "Mozilla/5.0 (Linux; Android 6.0; Nexus 5 Build/MRA58N) AppleWebKit/537.36 (KHTML, like Gecko) Chrome/84.0.4147.135 Mobile Safari/537.36"
::1 - - [15/Sep/2020:08:57:21 +0000] "POST /api/users HTTP/1.1" 400 30 "http://localhost:3000/register" "Mozilla/5.0 (Linux; Android 6.0; Nexus 5 Build/MRA58N) AppleWebKit/537.36 (KHTML, like Gecko) Chrome/84.0.4147.135 Mobile Safari/537.36"
::1 - - [15/Sep/2020:08:59:08 +0000] "POST /api/users HTTP/1.1" 400 30 "http://localhost:3000/register" "Mozilla/5.0 (Linux; Android 6.0; Nexus 5 Build/MRA58N) AppleWebKit/537.36 (KHTML, like Gecko) Chrome/84.0.4147.135 Mobile Safari/537.36"
::1 - - [15/Sep/2020:09:00:13 +0000] "POST /api/users HTTP/1.1" 400 30 "http://localhost:3000/register" "Mozilla/5.0 (Linux; Android 6.0; Nexus 5 Build/MRA58N) AppleWebKit/537.36 (KHTML, like Gecko) Chrome/84.0.4147.135 Mobile Safari/537.36"
::1 - - [15/Sep/2020:09:00:25 +0000] "POST /api/users HTTP/1.1" 400 30 "http://localhost:3000/register" "Mozilla/5.0 (Linux; Android 6.0; Nexus 5 Build/MRA58N) AppleWebKit/537.36 (KHTML, like Gecko) Chrome/84.0.4147.135 Mobile Safari/537.36"
::1 - - [15/Sep/2020:09:20:06 +0000] "POST /api/users HTTP/1.1" 400 72 "http://localhost:3000/" "Mozilla/5.0 (Linux; Android 6.0; Nexus 5 Build/MRA58N) AppleWebKit/537.36 (KHTML, like Gecko) Chrome/84.0.4147.135 Mobile Safari/537.36"
::1 - - [15/Sep/2020:09:21:20 +0000] "POST /api/users/auth HTTP/1.1" 200 184 "http://localhost:3000/" "Mozilla/5.0 (Linux; Android 6.0; Nexus 5 Build/MRA58N) AppleWebKit/537.36 (KHTML, like Gecko) Chrome/84.0.4147.135 Mobile Safari/537.36"
::1 - - [15/Sep/2020:09:22:34 +0000] "POST /api/users/auth HTTP/1.1" 200 184 "http://localhost:3000/" "Mozilla/5.0 (Linux; Android 6.0; Nexus 5 Build/MRA58N) AppleWebKit/537.36 (KHTML, like Gecko) Chrome/84.0.4147.135 Mobile Safari/537.36"
::1 - - [15/Sep/2020:09:23:30 +0000] "POST /api/users/auth HTTP/1.1" 200 184 "http://localhost:3000/" "Mozilla/5.0 (Linux; Android 6.0; Nexus 5 Build/MRA58N) AppleWebKit/537.36 (KHTML, like Gecko) Chrome/84.0.4147.135 Mobile Safari/537.36"
::1 - - [15/Sep/2020:09:24:28 +0000] "POST /api/users/auth HTTP/1.1" 200 184 "http://localhost:3000/" "Mozilla/5.0 (Linux; Android 6.0; Nexus 5 Build/MRA58N) AppleWebKit/537.36 (KHTML, like Gecko) Chrome/84.0.4147.135 Mobile Safari/537.36"
::1 - - [15/Sep/2020:09:25:26 +0000] "POST /api/users/auth HTTP/1.1" 200 184 "http://localhost:3000/" "Mozilla/5.0 (Linux; Android 6.0; Nexus 5 Build/MRA58N) AppleWebKit/537.36 (KHTML, like Gecko) Chrome/84.0.4147.135 Mobile Safari/537.36"
::1 - - [15/Sep/2020:09:26:31 +0000] "POST /api/users/auth HTTP/1.1" 200 184 "http://localhost:3000/" "Mozilla/5.0 (Linux; Android 6.0; Nexus 5 Build/MRA58N) AppleWebKit/537.36 (KHTML, like Gecko) Chrome/84.0.4147.135 Mobile Safari/537.36"
::1 - - [15/Sep/2020:09:27:38 +0000] "POST /api/users/auth HTTP/1.1" 200 184 "http://localhost:3000/" "Mozilla/5.0 (Linux; Android 6.0; Nexus 5 Build/MRA58N) AppleWebKit/537.36 (KHTML, like Gecko) Chrome/84.0.4147.135 Mobile Safari/537.36"
::1 - - [15/Sep/2020:09:29:16 +0000] "POST /api/users/auth HTTP/1.1" 200 184 "http://localhost:3000/" "Mozilla/5.0 (Linux; Android 6.0; Nexus 5 Build/MRA58N) AppleWebKit/537.36 (KHTML, like Gecko) Chrome/84.0.4147.135 Mobile Safari/537.36"
::1 - - [15/Sep/2020:09:31:05 +0000] "POST /api/users/auth HTTP/1.1" 200 184 "http://localhost:3000/" "Mozilla/5.0 (Linux; Android 6.0; Nexus 5 Build/MRA58N) AppleWebKit/537.36 (KHTML, like Gecko) Chrome/84.0.4147.135 Mobile Safari/537.36"
::1 - - [15/Sep/2020:09:33:31 +0000] "POST /api/users/auth HTTP/1.1" 200 184 "http://localhost:3000/" "Mozilla/5.0 (Linux; Android 6.0; Nexus 5 Build/MRA58N) AppleWebKit/537.36 (KHTML, like Gecko) Chrome/84.0.4147.135 Mobile Safari/537.36"
::1 - - [15/Sep/2020:09:35:19 +0000] "POST /api/users/auth HTTP/1.1" 200 184 "http://localhost:3000/" "Mozilla/5.0 (Linux; Android 6.0; Nexus 5 Build/MRA58N) AppleWebKit/537.36 (KHTML, like Gecko) Chrome/84.0.4147.135 Mobile Safari/537.36"
::1 - - [15/Sep/2020:09:36:09 +0000] "POST /api/users/auth HTTP/1.1" 200 184 "http://localhost:3000/" "Mozilla/5.0 (Linux; Android 6.0; Nexus 5 Build/MRA58N) AppleWebKit/537.36 (KHTML, like Gecko) Chrome/84.0.4147.135 Mobile Safari/537.36"
::1 - - [15/Sep/2020:09:36:50 +0000] "POST /api/users/auth HTTP/1.1" 200 184 "http://localhost:3000/" "Mozilla/5.0 (Linux; Android 6.0; Nexus 5 Build/MRA58N) AppleWebKit/537.36 (KHTML, like Gecko) Chrome/84.0.4147.135 Mobile Safari/537.36"
::1 - - [15/Sep/2020:09:40:22 +0000] "POST /api/users/auth HTTP/1.1" 200 184 "http://localhost:3000/" "Mozilla/5.0 (Linux; Android 6.0; Nexus 5 Build/MRA58N) AppleWebKit/537.36 (KHTML, like Gecko) Chrome/84.0.4147.135 Mobile Safari/537.36"
::1 - - [15/Sep/2020:09:41:34 +0000] "POST /api/users/auth HTTP/1.1" 200 184 "http://localhost:3000/" "Mozilla/5.0 (Linux; Android 6.0; Nexus 5 Build/MRA58N) AppleWebKit/537.36 (KHTML, like Gecko) Chrome/84.0.4147.135 Mobile Safari/537.36"
::1 - - [15/Sep/2020:09:43:33 +0000] "POST /api/users/auth HTTP/1.1" 200 184 "http://localhost:3000/" "Mozilla/5.0 (Linux; Android 6.0; Nexus 5 Build/MRA58N) AppleWebKit/537.36 (KHTML, like Gecko) Chrome/84.0.4147.135 Mobile Safari/537.36"
::1 - - [15/Sep/2020:09:47:47 +0000] "POST /api/users/auth HTTP/1.1" 400 55 "http://localhost:3000/" "Mozilla/5.0 (Linux; Android 6.0; Nexus 5 Build/MRA58N) AppleWebKit/537.36 (KHTML, like Gecko) Chrome/84.0.4147.135 Mobile Safari/537.36"
::1 - - [15/Sep/2020:09:48:50 +0000] "POST /api/users/auth HTTP/1.1" 400 55 "http://localhost:3000/" "Mozilla/5.0 (Linux; Android 6.0; Nexus 5 Build/MRA58N) AppleWebKit/537.36 (KHTML, like Gecko) Chrome/84.0.4147.135 Mobile Safari/537.36"
::1 - - [15/Sep/2020:09:49:50 +0000] "POST /api/users/auth HTTP/1.1" 400 55 "http://localhost:3000/" "Mozilla/5.0 (Linux; Android 6.0; Nexus 5 Build/MRA58N) AppleWebKit/537.36 (KHTML, like Gecko) Chrome/84.0.4147.135 Mobile Safari/537.36"
::1 - - [15/Sep/2020:09:50:11 +0000] "POST /api/users/auth HTTP/1.1" 400 55 "http://localhost:3000/" "Mozilla/5.0 (Linux; Android 6.0; Nexus 5 Build/MRA58N) AppleWebKit/537.36 (KHTML, like Gecko) Chrome/84.0.4147.135 Mobile Safari/537.36"
::1 - - [15/Sep/2020:11:44:49 +0000] "POST /api/users/auth HTTP/1.1" 400 55 "http://localhost:3000/" "Mozilla/5.0 (Linux; Android 6.0; Nexus 5 Build/MRA58N) AppleWebKit/537.36 (KHTML, like Gecko) Chrome/84.0.4147.135 Mobile Safari/537.36"
::1 - - [15/Sep/2020:11:45:27 +0000] "POST /api/users/auth HTTP/1.1" 400 55 "http://localhost:3000/" "Mozilla/5.0 (Linux; Android 6.0; Nexus 5 Build/MRA58N) AppleWebKit/537.36 (KHTML, like Gecko) Chrome/84.0.4147.135 Mobile Safari/537.36"
::1 - - [15/Sep/2020:11:45:39 +0000] "POST /api/users/auth HTTP/1.1" 400 55 "http://localhost:3000/" "Mozilla/5.0 (Linux; Android 6.0; Nexus 5 Build/MRA58N) AppleWebKit/537.36 (KHTML, like Gecko) Chrome/84.0.4147.135 Mobile Safari/537.36"
::1 - - [15/Sep/2020:11:46:15 +0000] "POST /api/users/auth HTTP/1.1" 200 184 "http://localhost:3000/" "Mozilla/5.0 (Linux; Android 6.0; Nexus 5 Build/MRA58N) AppleWebKit/537.36 (KHTML, like Gecko) Chrome/84.0.4147.135 Mobile Safari/537.36"
::1 - - [15/Sep/2020:11:48:09 +0000] "POST /api/users/auth HTTP/1.1" 200 184 "http://localhost:3000/" "Mozilla/5.0 (Linux; Android 6.0; Nexus 5 Build/MRA58N) AppleWebKit/537.36 (KHTML, like Gecko) Chrome/84.0.4147.135 Mobile Safari/537.36"
::1 - - [15/Sep/2020:11:52:55 +0000] "POST /api/users/auth HTTP/1.1" 400 55 "http://localhost:3000/" "Mozilla/5.0 (Linux; Android 6.0; Nexus 5 Build/MRA58N) AppleWebKit/537.36 (KHTML, like Gecko) Chrome/84.0.4147.135 Mobile Safari/537.36"
::1 - - [15/Sep/2020:11:54:47 +0000] "POST /api/users/auth HTTP/1.1" 400 55 "http://localhost:3000/" "Mozilla/5.0 (Linux; Android 6.0; Nexus 5 Build/MRA58N) AppleWebKit/537.36 (KHTML, like Gecko) Chrome/84.0.4147.135 Mobile Safari/537.36"
::1 - - [15/Sep/2020:11:58:19 +0000] "POST /api/users/auth HTTP/1.1" 400 55 "http://localhost:3000/" "Mozilla/5.0 (Linux; Android 6.0; Nexus 5 Build/MRA58N) AppleWebKit/537.36 (KHTML, like Gecko) Chrome/84.0.4147.135 Mobile Safari/537.36"
::1 - - [15/Sep/2020:12:00:43 +0000] "POST /api/users/auth HTTP/1.1" 400 55 "http://localhost:3000/" "Mozilla/5.0 (Linux; Android 6.0; Nexus 5 Build/MRA58N) AppleWebKit/537.36 (KHTML, like Gecko) Chrome/84.0.4147.135 Mobile Safari/537.36"
::1 - - [15/Sep/2020:12:00:48 +0000] "POST /api/users/auth HTTP/1.1" 400 55 "http://localhost:3000/" "Mozilla/5.0 (Linux; Android 6.0; Nexus 5 Build/MRA58N) AppleWebKit/537.36 (KHTML, like Gecko) Chrome/84.0.4147.135 Mobile Safari/537.36"
::1 - - [15/Sep/2020:12:01:28 +0000] "POST /api/users/auth HTTP/1.1" 400 107 "http://localhost:3000/" "Mozilla/5.0 (Linux; Android 6.0; Nexus 5 Build/MRA58N) AppleWebKit/537.36 (KHTML, like Gecko) Chrome/84.0.4147.135 Mobile Safari/537.36"
::1 - - [15/Sep/2020:12:01:57 +0000] "POST /api/users/auth HTTP/1.1" 400 107 "http://localhost:3000/" "Mozilla/5.0 (Linux; Android 6.0; Nexus 5 Build/MRA58N) AppleWebKit/537.36 (KHTML, like Gecko) Chrome/84.0.4147.135 Mobile Safari/537.36"
::1 - - [15/Sep/2020:12:02:28 +0000] "POST /api/users/auth HTTP/1.1" 400 55 "http://localhost:3000/" "Mozilla/5.0 (Linux; Android 6.0; Nexus 5 Build/MRA58N) AppleWebKit/537.36 (KHTML, like Gecko) Chrome/84.0.4147.135 Mobile Safari/537.36"
::1 - - [15/Sep/2020:12:43:19 +0000] "POST /api/users/auth HTTP/1.1" 400 55 "http://localhost:3000/" "Mozilla/5.0 (Linux; Android 6.0; Nexus 5 Build/MRA58N) AppleWebKit/537.36 (KHTML, like Gecko) Chrome/84.0.4147.135 Mobile Safari/537.36"
::1 - - [15/Sep/2020:13:59:01 +0000] "POST /api/users/auth HTTP/1.1" 200 184 "http://localhost:3000/" "Mozilla/5.0 (Linux; Android 6.0; Nexus 5 Build/MRA58N) AppleWebKit/537.36 (KHTML, like Gecko) Chrome/84.0.4147.135 Mobile Safari/537.36"
::1 - - [15/Sep/2020:14:01:09 +0000] "POST /api/users/auth HTTP/1.1" 200 184 "http://localhost:3000/" "Mozilla/5.0 (Linux; Android 6.0; Nexus 5 Build/MRA58N) AppleWebKit/537.36 (KHTML, like Gecko) Chrome/84.0.4147.135 Mobile Safari/537.36"
::1 - - [15/Sep/2020:14:02:32 +0000] "POST /api/users/auth HTTP/1.1" 200 184 "http://localhost:3000/" "Mozilla/5.0 (Linux; Android 6.0; Nexus 5 Build/MRA58N) AppleWebKit/537.36 (KHTML, like Gecko) Chrome/84.0.4147.135 Mobile Safari/537.36"
::1 - - [15/Sep/2020:14:03:16 +0000] "POST /api/users/auth HTTP/1.1" 200 184 "http://localhost:3000/" "Mozilla/5.0 (Linux; Android 6.0; Nexus 5 Build/MRA58N) AppleWebKit/537.36 (KHTML, like Gecko) Chrome/84.0.4147.135 Mobile Safari/537.36"
::1 - - [15/Sep/2020:14:03:51 +0000] "POST /api/users/auth HTTP/1.1" 200 184 "http://localhost:3000/" "Mozilla/5.0 (Linux; Android 6.0; Nexus 5 Build/MRA58N) AppleWebKit/537.36 (KHTML, like Gecko) Chrome/84.0.4147.135 Mobile Safari/537.36"
::1 - - [15/Sep/2020:14:04:23 +0000] "POST /api/users/auth HTTP/1.1" 200 184 "http://localhost:3000/" "Mozilla/5.0 (Linux; Android 6.0; Nexus 5 Build/MRA58N) AppleWebKit/537.36 (KHTML, like Gecko) Chrome/84.0.4147.135 Mobile Safari/537.36"
::1 - - [15/Sep/2020:14:05:33 +0000] "POST /api/users/auth HTTP/1.1" 200 184 "http://localhost:3000/" "Mozilla/5.0 (Linux; Android 6.0; Nexus 5 Build/MRA58N) AppleWebKit/537.36 (KHTML, like Gecko) Chrome/84.0.4147.135 Mobile Safari/537.36"
::1 - - [15/Sep/2020:14:06:40 +0000] "POST /api/users/auth HTTP/1.1" 200 184 "http://localhost:3000/" "Mozilla/5.0 (Linux; Android 6.0; Nexus 5 Build/MRA58N) AppleWebKit/537.36 (KHTML, like Gecko) Chrome/84.0.4147.135 Mobile Safari/537.36"
::1 - - [15/Sep/2020:14:08:39 +0000] "POST /api/users/auth HTTP/1.1" 200 184 "http://localhost:3000/" "Mozilla/5.0 (Linux; Android 6.0; Nexus 5 Build/MRA58N) AppleWebKit/537.36 (KHTML, like Gecko) Chrome/84.0.4147.135 Mobile Safari/537.36"
::1 - - [15/Sep/2020:14:09:12 +0000] "POST /api/users/auth HTTP/1.1" 200 184 "http://localhost:3000/" "Mozilla/5.0 (Linux; Android 6.0; Nexus 5 Build/MRA58N) AppleWebKit/537.36 (KHTML, like Gecko) Chrome/84.0.4147.135 Mobile Safari/537.36"
::1 - - [15/Sep/2020:14:09:12 +0000] "GET /api/users HTTP/1.1" 401 49 "http://localhost:3000/" "Mozilla/5.0 (Linux; Android 6.0; Nexus 5 Build/MRA58N) AppleWebKit/537.36 (KHTML, like Gecko) Chrome/84.0.4147.135 Mobile Safari/537.36"
::1 - - [15/Sep/2020:14:12:08 +0000] "POST /api/users/auth HTTP/1.1" 200 184 "http://localhost:3000/" "Mozilla/5.0 (Linux; Android 6.0; Nexus 5 Build/MRA58N) AppleWebKit/537.36 (KHTML, like Gecko) Chrome/84.0.4147.135 Mobile Safari/537.36"
::1 - - [15/Sep/2020:14:12:08 +0000] "GET /api/users HTTP/1.1" 401 49 "http://localhost:3000/" "Mozilla/5.0 (Linux; Android 6.0; Nexus 5 Build/MRA58N) AppleWebKit/537.36 (KHTML, like Gecko) Chrome/84.0.4147.135 Mobile Safari/537.36"
::1 - - [15/Sep/2020:14:13:12 +0000] "POST /api/users/auth HTTP/1.1" 200 184 "http://localhost:3000/" "Mozilla/5.0 (Linux; Android 6.0; Nexus 5 Build/MRA58N) AppleWebKit/537.36 (KHTML, like Gecko) Chrome/84.0.4147.135 Mobile Safari/537.36"
::1 - - [15/Sep/2020:14:13:12 +0000] "GET /api/users HTTP/1.1" 401 49 "http://localhost:3000/" "Mozilla/5.0 (Linux; Android 6.0; Nexus 5 Build/MRA58N) AppleWebKit/537.36 (KHTML, like Gecko) Chrome/84.0.4147.135 Mobile Safari/537.36"
::1 - - [15/Sep/2020:14:17:30 +0000] "POST /api/users/auth HTTP/1.1" 200 184 "http://localhost:3000/" "Mozilla/5.0 (Linux; Android 6.0; Nexus 5 Build/MRA58N) AppleWebKit/537.36 (KHTML, like Gecko) Chrome/84.0.4147.135 Mobile Safari/537.36"
::1 - - [15/Sep/2020:14:17:30 +0000] "GET /api/users HTTP/1.1" 401 49 "http://localhost:3000/" "Mozilla/5.0 (Linux; Android 6.0; Nexus 5 Build/MRA58N) AppleWebKit/537.36 (KHTML, like Gecko) Chrome/84.0.4147.135 Mobile Safari/537.36"
::1 - - [15/Sep/2020:14:18:58 +0000] "POST /api/users/auth HTTP/1.1" 200 184 "http://localhost:3000/" "Mozilla/5.0 (Linux; Android 6.0; Nexus 5 Build/MRA58N) AppleWebKit/537.36 (KHTML, like Gecko) Chrome/84.0.4147.135 Mobile Safari/537.36"
::1 - - [15/Sep/2020:14:19:53 +0000] "GET /api/users HTTP/1.1" 401 49 "http://localhost:3000/" "Mozilla/5.0 (Linux; Android 6.0; Nexus 5 Build/MRA58N) AppleWebKit/537.36 (KHTML, like Gecko) Chrome/84.0.4147.135 Mobile Safari/537.36"
::1 - - [15/Sep/2020:14:20:32 +0000] "POST /api/users/auth HTTP/1.1" 200 184 "http://localhost:3000/" "Mozilla/5.0 (Linux; Android 6.0; Nexus 5 Build/MRA58N) AppleWebKit/537.36 (KHTML, like Gecko) Chrome/84.0.4147.135 Mobile Safari/537.36"
::1 - - [15/Sep/2020:14:20:35 +0000] "GET /api/users HTTP/1.1" 401 49 "http://localhost:3000/" "Mozilla/5.0 (Linux; Android 6.0; Nexus 5 Build/MRA58N) AppleWebKit/537.36 (KHTML, like Gecko) Chrome/84.0.4147.135 Mobile Safari/537.36"
::1 - - [15/Sep/2020:14:22:09 +0000] "POST /api/users/auth HTTP/1.1" 200 184 "http://localhost:3000/" "Mozilla/5.0 (Linux; Android 6.0; Nexus 5 Build/MRA58N) AppleWebKit/537.36 (KHTML, like Gecko) Chrome/84.0.4147.135 Mobile Safari/537.36"
::1 - - [15/Sep/2020:14:22:13 +0000] "GET /api/users HTTP/1.1" 401 49 "http://localhost:3000/" "Mozilla/5.0 (Linux; Android 6.0; Nexus 5 Build/MRA58N) AppleWebKit/537.36 (KHTML, like Gecko) Chrome/84.0.4147.135 Mobile Safari/537.36"
::1 - - [15/Sep/2020:14:23:58 +0000] "POST /api/users/auth HTTP/1.1" 200 184 "http://localhost:3000/" "Mozilla/5.0 (Linux; Android 6.0; Nexus 5 Build/MRA58N) AppleWebKit/537.36 (KHTML, like Gecko) Chrome/84.0.4147.135 Mobile Safari/537.36"
::1 - - [15/Sep/2020:14:23:59 +0000] "GET /api/users HTTP/1.1" 401 49 "http://localhost:3000/" "Mozilla/5.0 (Linux; Android 6.0; Nexus 5 Build/MRA58N) AppleWebKit/537.36 (KHTML, like Gecko) Chrome/84.0.4147.135 Mobile Safari/537.36"
::1 - - [15/Sep/2020:14:27:43 +0000] "POST /api/users/auth HTTP/1.1" 200 184 "http://localhost:3000/" "Mozilla/5.0 (Linux; Android 6.0; Nexus 5 Build/MRA58N) AppleWebKit/537.36 (KHTML, like Gecko) Chrome/84.0.4147.135 Mobile Safari/537.36"
::1 - - [15/Sep/2020:14:27:54 +0000] "GET /api/users HTTP/1.1" 200 266 "http://localhost:3000/" "Mozilla/5.0 (Linux; Android 6.0; Nexus 5 Build/MRA58N) AppleWebKit/537.36 (KHTML, like Gecko) Chrome/84.0.4147.135 Mobile Safari/537.36"
::1 - - [15/Sep/2020:14:29:50 +0000] "POST /api/users/auth HTTP/1.1" 200 184 "http://localhost:3000/" "Mozilla/5.0 (Linux; Android 6.0; Nexus 5 Build/MRA58N) AppleWebKit/537.36 (KHTML, like Gecko) Chrome/84.0.4147.135 Mobile Safari/537.36"
::1 - - [15/Sep/2020:14:29:52 +0000] "GET /api/users HTTP/1.1" 200 266 "http://localhost:3000/" "Mozilla/5.0 (Linux; Android 6.0; Nexus 5 Build/MRA58N) AppleWebKit/537.36 (KHTML, like Gecko) Chrome/84.0.4147.135 Mobile Safari/537.36"
::1 - - [15/Sep/2020:14:38:49 +0000] "POST /api/users/auth HTTP/1.1" 200 184 "http://localhost:3000/" "Mozilla/5.0 (Linux; Android 6.0; Nexus 5 Build/MRA58N) AppleWebKit/537.36 (KHTML, like Gecko) Chrome/84.0.4147.135 Mobile Safari/537.36"
::1 - - [15/Sep/2020:14:38:49 +0000] "GET /api/users HTTP/1.1" 200 266 "http://localhost:3000/" "Mozilla/5.0 (Linux; Android 6.0; Nexus 5 Build/MRA58N) AppleWebKit/537.36 (KHTML, like Gecko) Chrome/84.0.4147.135 Mobile Safari/537.36"
::1 - - [15/Sep/2020:14:41:15 +0000] "POST /api/users/auth HTTP/1.1" 200 184 "http://localhost:3000/" "Mozilla/5.0 (Linux; Android 6.0; Nexus 5 Build/MRA58N) AppleWebKit/537.36 (KHTML, like Gecko) Chrome/84.0.4147.135 Mobile Safari/537.36"
::1 - - [15/Sep/2020:14:41:15 +0000] "GET /api/users HTTP/1.1" 200 192 "http://localhost:3000/" "Mozilla/5.0 (Linux; Android 6.0; Nexus 5 Build/MRA58N) AppleWebKit/537.36 (KHTML, like Gecko) Chrome/84.0.4147.135 Mobile Safari/537.36"
::1 - - [15/Sep/2020:15:18:08 +0000] "POST /api/users/auth HTTP/1.1" 400 249 "http://localhost:3000/" "Mozilla/5.0 (Linux; Android 6.0; Nexus 5 Build/MRA58N) AppleWebKit/537.36 (KHTML, like Gecko) Chrome/84.0.4147.135 Mobile Safari/537.36"
::1 - - [15/Sep/2020:15:18:10 +0000] "POST /api/users/auth HTTP/1.1" 400 249 "http://localhost:3000/" "Mozilla/5.0 (Linux; Android 6.0; Nexus 5 Build/MRA58N) AppleWebKit/537.36 (KHTML, like Gecko) Chrome/84.0.4147.135 Mobile Safari/537.36"
::1 - - [15/Sep/2020:15:18:12 +0000] "POST /api/users/auth HTTP/1.1" 400 249 "http://localhost:3000/" "Mozilla/5.0 (Linux; Android 6.0; Nexus 5 Build/MRA58N) AppleWebKit/537.36 (KHTML, like Gecko) Chrome/84.0.4147.135 Mobile Safari/537.36"
::1 - - [15/Sep/2020:15:27:15 +0000] "POST /api/users/auth HTTP/1.1" 400 56 "http://localhost:3000/" "Mozilla/5.0 (Linux; Android 6.0; Nexus 5 Build/MRA58N) AppleWebKit/537.36 (KHTML, like Gecko) Chrome/84.0.4147.135 Mobile Safari/537.36"
::1 - - [15/Sep/2020:15:27:33 +0000] "POST /api/users/auth HTTP/1.1" 400 107 "http://localhost:3000/" "Mozilla/5.0 (Linux; Android 6.0; Nexus 5 Build/MRA58N) AppleWebKit/537.36 (KHTML, like Gecko) Chrome/84.0.4147.135 Mobile Safari/537.36"
::1 - - [15/Sep/2020:15:27:39 +0000] "POST /api/users/auth HTTP/1.1" 400 105 "http://localhost:3000/" "Mozilla/5.0 (Linux; Android 6.0; Nexus 5 Build/MRA58N) AppleWebKit/537.36 (KHTML, like Gecko) Chrome/84.0.4147.135 Mobile Safari/537.36"
::1 - - [15/Sep/2020:15:27:49 +0000] "POST /api/users/auth HTTP/1.1" 400 27 "http://localhost:3000/" "Mozilla/5.0 (Linux; Android 6.0; Nexus 5 Build/MRA58N) AppleWebKit/537.36 (KHTML, like Gecko) Chrome/84.0.4147.135 Mobile Safari/537.36"
::1 - - [15/Sep/2020:15:33:27 +0000] "POST /api/users HTTP/1.1" 400 30 "http://localhost:3000/register" "Mozilla/5.0 (Linux; Android 6.0; Nexus 5 Build/MRA58N) AppleWebKit/537.36 (KHTML, like Gecko) Chrome/84.0.4147.135 Mobile Safari/537.36"
::1 - - [15/Sep/2020:15:34:01 +0000] "POST /api/users HTTP/1.1" 400 30 "http://localhost:3000/register" "Mozilla/5.0 (Linux; Android 6.0; Nexus 5 Build/MRA58N) AppleWebKit/537.36 (KHTML, like Gecko) Chrome/84.0.4147.135 Mobile Safari/537.36"
::1 - - [15/Sep/2020:15:41:06 +0000] "POST /api/users/auth HTTP/1.1" 400 55 "http://localhost:3000/" "Mozilla/5.0 (Linux; Android 6.0; Nexus 5 Build/MRA58N) AppleWebKit/537.36 (KHTML, like Gecko) Chrome/84.0.4147.135 Mobile Safari/537.36"
::1 - - [15/Sep/2020:15:41:14 +0000] "POST /api/users/auth HTTP/1.1" 400 108 "http://localhost:3000/" "Mozilla/5.0 (Linux; Android 6.0; Nexus 5 Build/MRA58N) AppleWebKit/537.36 (KHTML, like Gecko) Chrome/84.0.4147.135 Mobile Safari/537.36"
::1 - - [15/Sep/2020:15:42:17 +0000] "POST /api/users/auth HTTP/1.1" 400 108 "http://localhost:3000/" "Mozilla/5.0 (Linux; Android 6.0; Nexus 5 Build/MRA58N) AppleWebKit/537.36 (KHTML, like Gecko) Chrome/84.0.4147.135 Mobile Safari/537.36"
::1 - - [15/Sep/2020:15:45:07 +0000] "POST /api/users/auth HTTP/1.1" 400 106 "http://localhost:3000/" "Mozilla/5.0 (Linux; Android 6.0; Nexus 5 Build/MRA58N) AppleWebKit/537.36 (KHTML, like Gecko) Chrome/84.0.4147.135 Mobile Safari/537.36"
::1 - - [15/Sep/2020:15:46:57 +0000] "POST /api/users/auth HTTP/1.1" 400 106 "http://localhost:3000/" "Mozilla/5.0 (Linux; Android 6.0; Nexus 5 Build/MRA58N) AppleWebKit/537.36 (KHTML, like Gecko) Chrome/84.0.4147.135 Mobile Safari/537.36"
::1 - - [15/Sep/2020:16:31:43 +0000] "POST /api/users/auth HTTP/1.1" 400 106 "http://localhost:3000/" "Mozilla/5.0 (Linux; Android 6.0; Nexus 5 Build/MRA58N) AppleWebKit/537.36 (KHTML, like Gecko) Chrome/84.0.4147.135 Mobile Safari/537.36"
::1 - - [15/Sep/2020:16:31:54 +0000] "POST /api/users/auth HTTP/1.1" 400 106 "http://localhost:3000/" "Mozilla/5.0 (Linux; Android 6.0; Nexus 5 Build/MRA58N) AppleWebKit/537.36 (KHTML, like Gecko) Chrome/84.0.4147.135 Mobile Safari/537.36"
::1 - - [15/Sep/2020:16:32:02 +0000] "POST /api/users/auth HTTP/1.1" 400 27 "http://localhost:3000/" "Mozilla/5.0 (Linux; Android 6.0; Nexus 5 Build/MRA58N) AppleWebKit/537.36 (KHTML, like Gecko) Chrome/84.0.4147.135 Mobile Safari/537.36"
::1 - - [15/Sep/2020:16:39:02 +0000] "POST /api/users/auth HTTP/1.1" 400 105 "http://localhost:3000/" "Mozilla/5.0 (Linux; Android 6.0; Nexus 5 Build/MRA58N) AppleWebKit/537.36 (KHTML, like Gecko) Chrome/84.0.4147.135 Mobile Safari/537.36"
::1 - - [15/Sep/2020:16:51:34 +0000] "POST /api/users/auth HTTP/1.1" 400 56 "http://localhost:3000/" "Mozilla/5.0 (Linux; Android 6.0; Nexus 5 Build/MRA58N) AppleWebKit/537.36 (KHTML, like Gecko) Chrome/84.0.4147.135 Mobile Safari/537.36"
::1 - - [15/Sep/2020:16:52:00 +0000] "POST /api/users/auth HTTP/1.1" 400 190 "http://localhost:3000/" "Mozilla/5.0 (Linux; Android 6.0; Nexus 5 Build/MRA58N) AppleWebKit/537.36 (KHTML, like Gecko) Chrome/84.0.4147.135 Mobile Safari/537.36"
::1 - - [15/Sep/2020:16:52:49 +0000] "POST /api/users/auth HTTP/1.1" 400 54 "http://localhost:3000/" "Mozilla/5.0 (Linux; Android 6.0; Nexus 5 Build/MRA58N) AppleWebKit/537.36 (KHTML, like Gecko) Chrome/84.0.4147.135 Mobile Safari/537.36"
::1 - - [15/Sep/2020:16:53:01 +0000] "POST /api/users/auth HTTP/1.1" 400 27 "http://localhost:3000/" "Mozilla/5.0 (Linux; Android 6.0; Nexus 5 Build/MRA58N) AppleWebKit/537.36 (KHTML, like Gecko) Chrome/84.0.4147.135 Mobile Safari/537.36"
::1 - - [15/Sep/2020:16:53:07 +0000] "POST /api/users/auth HTTP/1.1" 400 27 "http://localhost:3000/" "Mozilla/5.0 (Linux; Android 6.0; Nexus 5 Build/MRA58N) AppleWebKit/537.36 (KHTML, like Gecko) Chrome/84.0.4147.135 Mobile Safari/537.36"
::1 - - [15/Sep/2020:16:53:52 +0000] "POST /api/users/auth HTTP/1.1" 400 64 "http://localhost:3000/" "Mozilla/5.0 (Linux; Android 6.0; Nexus 5 Build/MRA58N) AppleWebKit/537.36 (KHTML, like Gecko) Chrome/84.0.4147.135 Mobile Safari/537.36"
::1 - - [15/Sep/2020:16:54:58 +0000] "POST /api/users/auth HTTP/1.1" 400 64 "http://localhost:3000/" "Mozilla/5.0 (Linux; Android 6.0; Nexus 5 Build/MRA58N) AppleWebKit/537.36 (KHTML, like Gecko) Chrome/84.0.4147.135 Mobile Safari/537.36"
::1 - - [15/Sep/2020:16:55:12 +0000] "POST /api/users/auth HTTP/1.1" 400 27 "http://localhost:3000/" "Mozilla/5.0 (Linux; Android 6.0; Nexus 5 Build/MRA58N) AppleWebKit/537.36 (KHTML, like Gecko) Chrome/84.0.4147.135 Mobile Safari/537.36"
::1 - - [15/Sep/2020:17:01:15 +0000] "POST /api/users/auth HTTP/1.1" 200 184 "http://localhost:3000/" "Mozilla/5.0 (Linux; Android 6.0; Nexus 5 Build/MRA58N) AppleWebKit/537.36 (KHTML, like Gecko) Chrome/84.0.4147.135 Mobile Safari/537.36"
::1 - - [15/Sep/2020:17:01:16 +0000] "GET /api/users HTTP/1.1" 200 192 "http://localhost:3000/" "Mozilla/5.0 (Linux; Android 6.0; Nexus 5 Build/MRA58N) AppleWebKit/537.36 (KHTML, like Gecko) Chrome/84.0.4147.135 Mobile Safari/537.36"
::1 - - [15/Sep/2020:17:02:03 +0000] "POST /api/users/auth HTTP/1.1" 200 184 "http://localhost:3000/" "Mozilla/5.0 (Linux; Android 6.0; Nexus 5 Build/MRA58N) AppleWebKit/537.36 (KHTML, like Gecko) Chrome/84.0.4147.135 Mobile Safari/537.36"
::1 - - [15/Sep/2020:17:02:03 +0000] "GET /api/users HTTP/1.1" 200 192 "http://localhost:3000/" "Mozilla/5.0 (Linux; Android 6.0; Nexus 5 Build/MRA58N) AppleWebKit/537.36 (KHTML, like Gecko) Chrome/84.0.4147.135 Mobile Safari/537.36"
::1 - - [15/Sep/2020:17:02:44 +0000] "POST /api/users HTTP/1.1" 200 33 "http://localhost:3000/register" "Mozilla/5.0 (Linux; Android 6.0; Nexus 5 Build/MRA58N) AppleWebKit/537.36 (KHTML, like Gecko) Chrome/84.0.4147.135 Mobile Safari/537.36"
::1 - - [15/Sep/2020:17:03:00 +0000] "POST /api/users/auth HTTP/1.1" 400 27 "http://localhost:3000/" "Mozilla/5.0 (Linux; Android 6.0; Nexus 5 Build/MRA58N) AppleWebKit/537.36 (KHTML, like Gecko) Chrome/84.0.4147.135 Mobile Safari/537.36"
::1 - - [15/Sep/2020:17:03:04 +0000] "POST /api/users/auth HTTP/1.1" 200 184 "http://localhost:3000/" "Mozilla/5.0 (Linux; Android 6.0; Nexus 5 Build/MRA58N) AppleWebKit/537.36 (KHTML, like Gecko) Chrome/84.0.4147.135 Mobile Safari/537.36"
::1 - - [15/Sep/2020:17:03:04 +0000] "GET /api/users HTTP/1.1" 200 192 "http://localhost:3000/" "Mozilla/5.0 (Linux; Android 6.0; Nexus 5 Build/MRA58N) AppleWebKit/537.36 (KHTML, like Gecko) Chrome/84.0.4147.135 Mobile Safari/537.36"
::1 - - [15/Sep/2020:17:05:44 +0000] "POST /api/users/auth HTTP/1.1" 200 184 "http://localhost:3000/" "Mozilla/5.0 (Linux; Android 6.0; Nexus 5 Build/MRA58N) AppleWebKit/537.36 (KHTML, like Gecko) Chrome/84.0.4147.135 Mobile Safari/537.36"
::1 - - [15/Sep/2020:17:05:44 +0000] "GET /api/users HTTP/1.1" 200 192 "http://localhost:3000/" "Mozilla/5.0 (Linux; Android 6.0; Nexus 5 Build/MRA58N) AppleWebKit/537.36 (KHTML, like Gecko) Chrome/84.0.4147.135 Mobile Safari/537.36"
::1 - - [15/Sep/2020:17:09:21 +0000] "POST /api/users/auth HTTP/1.1" 200 184 "http://localhost:3000/" "Mozilla/5.0 (Linux; Android 6.0; Nexus 5 Build/MRA58N) AppleWebKit/537.36 (KHTML, like Gecko) Chrome/84.0.4147.135 Mobile Safari/537.36"
::1 - - [15/Sep/2020:17:09:21 +0000] "GET /api/users HTTP/1.1" 200 192 "http://localhost:3000/" "Mozilla/5.0 (Linux; Android 6.0; Nexus 5 Build/MRA58N) AppleWebKit/537.36 (KHTML, like Gecko) Chrome/84.0.4147.135 Mobile Safari/537.36"
::1 - - [15/Sep/2020:17:09:21 +0000] "GET /api/users HTTP/1.1" 200 192 "http://localhost:3000/projects" "Mozilla/5.0 (Linux; Android 6.0; Nexus 5 Build/MRA58N) AppleWebKit/537.36 (KHTML, like Gecko) Chrome/84.0.4147.135 Mobile Safari/537.36"
::1 - - [15/Sep/2020:17:09:43 +0000] "POST /api/users/auth HTTP/1.1" 200 184 "http://localhost:3000/" "Mozilla/5.0 (Linux; Android 6.0; Nexus 5 Build/MRA58N) AppleWebKit/537.36 (KHTML, like Gecko) Chrome/84.0.4147.135 Mobile Safari/537.36"
::1 - - [15/Sep/2020:17:09:43 +0000] "GET /api/users HTTP/1.1" 200 192 "http://localhost:3000/" "Mozilla/5.0 (Linux; Android 6.0; Nexus 5 Build/MRA58N) AppleWebKit/537.36 (KHTML, like Gecko) Chrome/84.0.4147.135 Mobile Safari/537.36"
::1 - - [15/Sep/2020:17:09:43 +0000] "GET /api/users HTTP/1.1" 200 192 "http://localhost:3000/projects" "Mozilla/5.0 (Linux; Android 6.0; Nexus 5 Build/MRA58N) AppleWebKit/537.36 (KHTML, like Gecko) Chrome/84.0.4147.135 Mobile Safari/537.36"
::1 - - [15/Sep/2020:17:21:16 +0000] "GET /api/users HTTP/1.1" 200 192 "http://localhost:3000/projects" "Mozilla/5.0 (Linux; Android 6.0; Nexus 5 Build/MRA58N) AppleWebKit/537.36 (KHTML, like Gecko) Chrome/84.0.4147.135 Mobile Safari/537.36"
::1 - - [15/Sep/2020:17:21:33 +0000] "POST /api/users/auth HTTP/1.1" 400 27 "http://localhost:3000/" "Mozilla/5.0 (Linux; Android 6.0; Nexus 5 Build/MRA58N) AppleWebKit/537.36 (KHTML, like Gecko) Chrome/84.0.4147.135 Mobile Safari/537.36"
::1 - - [15/Sep/2020:17:21:42 +0000] "POST /api/users/auth HTTP/1.1" 200 184 "http://localhost:3000/" "Mozilla/5.0 (Linux; Android 6.0; Nexus 5 Build/MRA58N) AppleWebKit/537.36 (KHTML, like Gecko) Chrome/84.0.4147.135 Mobile Safari/537.36"
::1 - - [15/Sep/2020:17:21:42 +0000] "GET /api/users HTTP/1.1" 200 192 "http://localhost:3000/" "Mozilla/5.0 (Linux; Android 6.0; Nexus 5 Build/MRA58N) AppleWebKit/537.36 (KHTML, like Gecko) Chrome/84.0.4147.135 Mobile Safari/537.36"
::1 - - [15/Sep/2020:17:21:42 +0000] "GET /api/users HTTP/1.1" 200 192 "http://localhost:3000/projects" "Mozilla/5.0 (Linux; Android 6.0; Nexus 5 Build/MRA58N) AppleWebKit/537.36 (KHTML, like Gecko) Chrome/84.0.4147.135 Mobile Safari/537.36"
::1 - - [15/Sep/2020:17:21:55 +0000] "GET /api/users HTTP/1.1" 200 192 "http://localhost:3000/projects" "Mozilla/5.0 (Linux; Android 6.0; Nexus 5 Build/MRA58N) AppleWebKit/537.36 (KHTML, like Gecko) Chrome/84.0.4147.135 Mobile Safari/537.36"
::1 - - [15/Sep/2020:17:22:12 +0000] "GET /api/users HTTP/1.1" 200 192 "http://localhost:3000/projects" "Mozilla/5.0 (Linux; Android 6.0; Nexus 5 Build/MRA58N) AppleWebKit/537.36 (KHTML, like Gecko) Chrome/84.0.4147.135 Mobile Safari/537.36"
::1 - - [15/Sep/2020:17:24:00 +0000] "GET /api/users HTTP/1.1" 200 192 "http://localhost:3000/projects" "Mozilla/5.0 (Linux; Android 6.0; Nexus 5 Build/MRA58N) AppleWebKit/537.36 (KHTML, like Gecko) Chrome/84.0.4147.135 Mobile Safari/537.36"
::1 - - [15/Sep/2020:17:24:44 +0000] "POST /api/users/auth HTTP/1.1" 200 184 "http://localhost:3000/" "Mozilla/5.0 (Linux; Android 6.0; Nexus 5 Build/MRA58N) AppleWebKit/537.36 (KHTML, like Gecko) Chrome/84.0.4147.135 Mobile Safari/537.36"
::1 - - [15/Sep/2020:17:24:44 +0000] "GET /api/users HTTP/1.1" 200 192 "http://localhost:3000/" "Mozilla/5.0 (Linux; Android 6.0; Nexus 5 Build/MRA58N) AppleWebKit/537.36 (KHTML, like Gecko) Chrome/84.0.4147.135 Mobile Safari/537.36"
::1 - - [15/Sep/2020:17:24:44 +0000] "GET /api/users HTTP/1.1" 200 192 "http://localhost:3000/projects" "Mozilla/5.0 (Linux; Android 6.0; Nexus 5 Build/MRA58N) AppleWebKit/537.36 (KHTML, like Gecko) Chrome/84.0.4147.135 Mobile Safari/537.36"
::1 - - [15/Sep/2020:17:24:48 +0000] "GET /api/users HTTP/1.1" 200 192 "http://localhost:3000/projects" "Mozilla/5.0 (Linux; Android 6.0; Nexus 5 Build/MRA58N) AppleWebKit/537.36 (KHTML, like Gecko) Chrome/84.0.4147.135 Mobile Safari/537.36"
::1 - - [15/Sep/2020:17:25:25 +0000] "GET /api/users HTTP/1.1" 200 192 "http://localhost:3000/projects" "Mozilla/5.0 (Linux; Android 6.0; Nexus 5 Build/MRA58N) AppleWebKit/537.36 (KHTML, like Gecko) Chrome/84.0.4147.135 Mobile Safari/537.36"
::1 - - [15/Sep/2020:17:26:49 +0000] "POST /api/users/auth HTTP/1.1" 200 184 "http://localhost:3000/" "Mozilla/5.0 (Linux; Android 6.0; Nexus 5 Build/MRA58N) AppleWebKit/537.36 (KHTML, like Gecko) Chrome/84.0.4147.135 Mobile Safari/537.36"
::1 - - [15/Sep/2020:17:26:49 +0000] "GET /api/users HTTP/1.1" 200 192 "http://localhost:3000/" "Mozilla/5.0 (Linux; Android 6.0; Nexus 5 Build/MRA58N) AppleWebKit/537.36 (KHTML, like Gecko) Chrome/84.0.4147.135 Mobile Safari/537.36"
::1 - - [15/Sep/2020:17:26:49 +0000] "GET /api/users HTTP/1.1" 200 192 "http://localhost:3000/projects" "Mozilla/5.0 (Linux; Android 6.0; Nexus 5 Build/MRA58N) AppleWebKit/537.36 (KHTML, like Gecko) Chrome/84.0.4147.135 Mobile Safari/537.36"
::1 - - [15/Sep/2020:17:26:55 +0000] "GET /api/users HTTP/1.1" 200 192 "http://localhost:3000/projects" "Mozilla/5.0 (Linux; Android 6.0; Nexus 5 Build/MRA58N) AppleWebKit/537.36 (KHTML, like Gecko) Chrome/84.0.4147.135 Mobile Safari/537.36"
::1 - - [15/Sep/2020:17:37:26 +0000] "GET /api/users HTTP/1.1" 200 192 "http://localhost:3000/projects" "Mozilla/5.0 (Linux; Android 6.0; Nexus 5 Build/MRA58N) AppleWebKit/537.36 (KHTML, like Gecko) Chrome/84.0.4147.135 Mobile Safari/537.36"
::1 - - [15/Sep/2020:17:37:26 +0000] "GET /api/users HTTP/1.1" 200 192 "http://localhost:3000/projects" "Mozilla/5.0 (Linux; Android 6.0; Nexus 5 Build/MRA58N) AppleWebKit/537.36 (KHTML, like Gecko) Chrome/84.0.4147.135 Mobile Safari/537.36"
::1 - - [15/Sep/2020:17:38:00 +0000] "POST /api/users/auth HTTP/1.1" 200 184 "http://localhost:3000/" "Mozilla/5.0 (Linux; Android 6.0; Nexus 5 Build/MRA58N) AppleWebKit/537.36 (KHTML, like Gecko) Chrome/84.0.4147.135 Mobile Safari/537.36"
::1 - - [15/Sep/2020:17:38:00 +0000] "GET /api/users HTTP/1.1" 200 192 "http://localhost:3000/" "Mozilla/5.0 (Linux; Android 6.0; Nexus 5 Build/MRA58N) AppleWebKit/537.36 (KHTML, like Gecko) Chrome/84.0.4147.135 Mobile Safari/537.36"
::1 - - [15/Sep/2020:17:38:00 +0000] "GET /api/users HTTP/1.1" 200 192 "http://localhost:3000/projects" "Mozilla/5.0 (Linux; Android 6.0; Nexus 5 Build/MRA58N) AppleWebKit/537.36 (KHTML, like Gecko) Chrome/84.0.4147.135 Mobile Safari/537.36"
::1 - - [15/Sep/2020:17:38:00 +0000] "GET /api/users HTTP/1.1" 200 192 "http://localhost:3000/projects" "Mozilla/5.0 (Linux; Android 6.0; Nexus 5 Build/MRA58N) AppleWebKit/537.36 (KHTML, like Gecko) Chrome/84.0.4147.135 Mobile Safari/537.36"
